<?xml version="1.0" encoding="UTF-8"?>
<testng-results skipped="0" failed="0" total="1" passed="1">
  <reporter-output>
  </reporter-output>
  <suite name="Default suite" duration-ms="41462" started-at="2016-09-10T02:54:27Z" finished-at="2016-09-10T02:55:09Z">
    <groups>
    </groups>
    <test name="Default test" duration-ms="41462" started-at="2016-09-10T02:54:27Z" finished-at="2016-09-10T02:55:09Z">
      <class name="com.test.KayakAuto">
        <test-method status="PASS" signature="openKayakPage()[pri:0, instance:com.test.KayakAuto@1134affc]" name="openKayakPage" duration-ms="41441" started-at="2016-09-09T19:54:27Z" finished-at="2016-09-09T19:55:09Z">
          <reporter-output>
          </reporter-output>
        </test-method> <!-- openKayakPage -->
      </class> <!-- com.test.KayakAuto -->
    </test> <!-- Default test -->
  </suite> <!-- Default suite -->
</testng-results>
